brief h# log - brief in editing not in length. ;)

31 Dec 12:25z (editing)

Script started on 2021-12-31 11:22:00 UTC

 script $  sh ./picot.sh /dev/ttyACM0

NON-STANDARD escape char is the backslash, not the usual Control+A
Control \, Control Q to quit
Control \, Control S to send a file from the local directory
picocom v3.1

port is        : /dev/ttyACM0
.
.
exit is        : no

Terminal ready
h# --> 64  \\ blind keystroke entry using only hexadecimal digits (a-f and 0-9 and nothing else)
h# --> 64 255 

.
.
--> empty 
h# --> 511 
h# --> 511 2047 
h# --> 511 2047 1023 
d 03FF  FFFF FFFF FFFF FFFF FFFF FFFF FFFF FFFF --> 511 2047 1031 
h# --> 511 2047 1031 1280 
d 0500  FFFF FFFF FFFF FFFF FFFF FFFF FFFF FFFF --> 511 2047 1031 1288 
h# --> 511 2047 1031 1288 1792 
d 0700  FFFF FFFF FFFF FFFF FFFF FFFF FFFF FFFF --> 511 2047 1031 1288 1800 
d 0708  FFFF FFFF FFFF FFFF FFFF FFFF FFFF FFFF --> 511 2047 1031 1288 1808 
d 0710  FFFF FFFF FFFF FFFF FFFF FFFF FFFF FFFF --> 511 2047 1031 1288 1816 
d 0718  FFFF FFFF FFFF FFFF FFFF FFFF FFFF FFFF --> 511 2047 1031 1288 1824 
h# --> 511 2047 1031 1288 1824 2560 
swap --> 511 2047 1031 1288 2560 1824 
drop --> 511 2047 1031 1288 2560 
swap --> 511 2047 1031 2560 1288 
drop --> 511 2047 1031 2560 
swap --> 511 2047 2560 1031 
drop --> 511 2047 2560 
swap --> 511 2560 2047 
drop --> 511 2560 
dup --> 511 2560 2560 
d 0A00  FFFF FFFF FFFF FFFF FFFF FFFF FFFF FFFF --> 511 2560 2568 
d 0A08  FFFF FFFF FFFF FFFF FFFF FFFF FFFF FFFF --> 511 2560 2576 
drop --> 511 2560 
drop --> 511 
drop --> empty 
h# --> 3071 
1+ --> 3072 
d 0C00  FFFF FFFF FFFF FFFF FFFF FFFF FFFF FFFF --> 3080 
d 0C08  FFFF FFFF FFFF FFFF FFFF FFFF FFFF FFFF --> 3088 
d 0C10  FFFF FFFF FFFF FFFF FFFF FFFF FFFF FFFF --> 3096 
d 0C18  FFFF FFFF FFFF FFFF FFFF FFFF FFFF FFFF --> 3104 
h# --> 3104 3327 
1+ --> 3104 3328 
d 0D00  FFFF FFFF FFFF FFFF FFFF FFFF FFFF FFFF --> 3104 3336 
d 0D08  FFFF FFFF FFFF FFFF FFFF FFFF FFFF FFFF --> 3104 3344 
d 0D10  FFFF FFFF FFFF FFFF FFFF FFFF FFFF FFFF --> 3104 3352 
d 0D18  FFFF FFFF FFFF FFFF FFFF FFFF FFFF FFFF --> 3104 3360 
d 0D20  FFFF FFFF FFFF FFFF FFFF FFFF FFFF FFFF --> 3104 3368 
d 0D28  FFFF FFFF FFFF FFFF FFFF FFFF FFFF FFFF --> 3104 3376 
d 0D30  FFFF FFFF FFFF FFFF FFFF FFFF FFFF FFFF --> 3104 3384 
d 0D38  FFFF FFFF FFFF FFFF FFFF FFFF FFFF FFFF --> 3104 3392 
d 0D40  FFFF FFFF FFFF FFFF FFFF FFFF FFFF FFFF --> 3104 3400 
d 0D48  FFFF FFFF FFFF FFFF FFFF FFFF FFFF FFFF --> 3104 3408 
d 0D50  FFFF FFFF FFFF FFFF FFFF FFFF FFFF FFFF --> 3104 3416 
h# --> 3104 3416 3584 
d 0E00  FFFF FFFF FFFF FFFF FFFF FFFF FFFF FFFF --> 3104 3416 3592 
drop --> 3104 3416 
. 3416 --> 3104 
. 3104 --> empty 
h# --> 3775 
d 0EBF  00C2 3C02 2023 00BD 7304 6769 206E 00B4 --> 3783 
d 0EC7  6804 6C6F 2064 00AB 6806 6C6F 6564 2072 --> 3791 
d 0ECF  00A9 2A02 202F 00A5 2A05 6D2F 646F 009F --> 3799 
1+ --> 3800 
d 0ED8  2F64 6F6D 2064 0092 6D03 646F 008A 2F01 --> 3808 
d 0EE0  0081 2A01 007D 7404 7079 2065 0074 7305 --> 3816 
d 0EE8  6170 6563 006E 6305 756F 746E 0068 7203 --> 3824 
d 0EF0  746F 0062 7003 6461 0060 7403 6269 005E --> 3832 
d 0EF8  7005 7974 6570 0054 3102 202D 004E 3102 --> 3840 
d 0F00  202B 0048 6205 696C 6B6E 0046 4B13 7965 --> 3848 
d 0F08  6F62 7261 2E64 6572 656C 7361 4165 6C6C --> 3856 
d 0F10  0045 4B10 7965 6F62 7261 2E64 6572 656C --> 3864 
d 0F18  7361 2065 0044 4B0E 7965 6F62 7261 2E64 --> 3872 
d 0F20  7270 7365 2073 0043 4B0E 7965 6F62 7261 --> 3880 
d 0F28  2E64 6562 6967 206E 0042 7206 6873 6669 --> 3888 
d 0F30  2074 0041 6C06 6873 6669 2074 0040 4005 --> 3896 
d 0F38  5047 4F49 003F 6908 696E 4774 4950 204F --> 3904 
d 0F40  003E 4009 434D 3250 3033 3731 003D 690C --> 3912 
d 0F48  696E 4D74 5043 3332 3130 2037 003C 6E03 --> 3920 
d 0F50  7069 003B 6407 656E 6167 6574 0039 7702 --> 3928 
d 0F58  2021 0038 7702 2040 0037 7506 2F6D 6F6D --> 3936 
d 0F60  2064 0036 7503 2A6D 0035 7703 2B40 0034 --> 3944 
d 0F68  6303 2B40 0033 6804 6875 203F 0032 6507 --> 3952 
d 0F70  6578 7563 6574 0031 6405 7065 6874 0030 --> 3960 
d 0F78  2102 202B 002F 6303 2B21 002E 2101 002D --> 3968 
d 0F80  6302 2021 002C 4002 2070 002B 7703 2B21 --> 3976 
d 0F88  002A 7002 2021 0029 7001 0028 6102 2021 --> 3984 
d 0F90  0027 6101 0026 4003 2B70 0025 4002 202B --> 3992 
d 0F98  0024 4001 0023 6302 2040 0022 3202 202F --> 4000 
d 0FA0  0021 3202 202A 0020 6103 7362 001F 6E06 --> 4008 
d 0FA8  6765 7461 2065 001E 6906 766E 7265 2074 --> 4016 
d 0FB0  001D 7803 726F 001C 6F02 2072 001B 6103 --> 4024 
d 0FB8  646E 001A 6302 2072 0019 6D02 2073 0018 --> 4032 
d 0FC0  2D01 0017 2B01 0016 6F04 6576 2072 0015 --> 4040 
d 0FC8  7304 6177 2070 0014 6404 6F72 2070 0013 --> 4048 
d 0FD0  6403 7075 0012 7405 6D69 7265 0011 6307 --> 4056 
d 0FD8  756F 746E 7265 0010 6402 2023 000F 2E03 --> 4064 
d 0FE0  6873 000E 7202 2040 000D 7202 203E 000C --> 4072 
d 0FE8  3E02 2072 000B 6B03 7965 0005 6504 696D --> 4080 
d 0FF0  2074 0004 7104 6975 2074 0003 6105 6F62 --> 4088 
d 0FF8  7472 0002 6504 6978 2074 0001 0000 0000 --> 4096 
d 1000  0000 0000 0000 0000 31CD 0000 302D 0000 --> 4104 
d 1008  3029 0000 3051 0000 306D 0000 3293 0000 --> 4112 
d 1010  3053 0000 0105 0609 01A1 0285 0705 E019 --> 4120 
d 1018  E729 0015 0125 0175 0895 0281 0195 0875 --> 4128 
d 1020  0381 0695 0875 0015 7325 0705 0019 7329 --> 4136 
d 1028  0081 00C0 0000 0000 0000 0000 3569 0000 --> 4144 
d 1030  33E3 0000 3029 0000 33E1 0000 0000 0000 --> 4152 
h# --> 4152 7167 
1+ --> 4152 7168 
d 1C00  FFFF FFFF FFFF FFFF FFFF FFFF FFFF FFFF --> 4152 7176 
d 1C08  FFFF FFFF FFFF FFFF FFFF FFFF FFFF FFFF --> 4152 7184 
d 1C10  FFFF FFFF FFFF FFFF FFFF FFFF FFFF FFFF --> 4152 7192 
d 1C18  FFFF FFFF FFFF FFFF FFFF FFFF FFFF FFFF --> 4152 7200 
d 1C20  FFFF FFFF FFFF FFFF FFFF FFFF FFFF FFFF --> 4152 7208 
d 1C28  FFFF FFFF FFFF FFFF FFFF FFFF FFFF FFFF --> 4152 7216 
d 1C30  FFFF FFFF FFFF FFFF FFFF FFFF FFFF FFFF --> 4152 7224 
d 1C38  FFFF FFFF FFFF FFFF FFFF FFFF FFFF FFFF --> 4152 7232 
h# --> 4152 7232 7408 
d 1CF0  FFFF FFFF FFFF FFFF FFFF FFFF FFFF FFFF --> 4152 7232 7416 
d 1CF8  FFFF FFFF FFFF FFFF FFFF FFFF FFFF FFFF --> 4152 7232 7424 
d 1D00  FFFF FFFF FFFF FFFF FFFF FFFF FFFF FFFF --> 4152 7232 7432 
d 1D08  FFFF FFFF FFFF FFFF FFFF FFFF FFFF FFFF --> 4152 7232 7440 
d 1D10  FFFF FFFF FFFF FFFF FFFF FFFF FFFF FFFF --> 4152 7232 7448 
d 1D18  FFFF FFFF FFFF FFFF FFFF FFFF FFFF FFFF --> 4152 7232 7456 
d 1D20  FFFF FFFF FFFF FFFF FFFF FFFF FFFF FFFF --> 4152 7232 7464 
h# --> 4152 7232 7464 7679 
1+ --> 4152 7232 7464 7680 
swap --> 4152 7232 7680 7464 
. 7464 --> 4152 7232 7680 
swap --> 4152 7680 7232 
. 7232 --> 4152 7680 
swap --> 7680 4152 
. 4152 --> 7680 
d 1E00  FFFF FFFF FFFF FFFF FFFF FFFF FFFF FFFF --> 7688 
d 1E08  FFFF FFFF FFFF FFFF FFFF FFFF FFFF FFFF --> 7696 
d 1E10  FFFF FFFF FFFF FFFF FFFF FFFF FFFF FFFF --> 7704 
d 1E18  FFFF FFFF FFFF FFFF FFFF FFFF FFFF FFFF --> 7712 
d 1E20  FFFF FFFF FFFF FFFF FFFF FFFF FFFF FFFF --> 7720 
d 1E28  FFFF FFFF FFFF FFFF FFFF FFFF FFFF FFFF --> 7728 
d 1E30  FFFF FFFF FFFF FFFF FFFF FFFF FFFF FFFF --> 7736 
d 1E38  FFFF FFFF FFFF FFFF FFFF FFFF FFFF FFFF --> 7744 
d 1E40  FFFF FFFF FFFF FFFF FFFF FFFF FFFF FFFF --> 7752 
h# --> 7752 256 
+ --> 8008 
h# --> 8008 8 
- --> 8000 
h# --> 8000 16 
- --> 7984 
d 1F30  FFFF FFFF FFFF FFFF FFFF FFFF FFFF FFFF --> 7992 
d 1F38  FFFF FFFF FFFF FFFF FFFF FFFF FFFF FFFF --> 8000 
d 1F40  FFFF FFFF FFFF FFFF FFFF FFFF FFFF FFFF --> 8008 
d 1F48  FFFF FFFF FFFF FFFF FFFF FFFF FFFF FFFF --> 8016 
d 1F50  FFFF FFFF FFFF FFFF FFFF FFFF FFFF FFFF --> 8024 
d 1F58  FFFF FFFF FFFF FFFF FFFF FFFF FFFF FFFF --> 8032 
d 1F60  FFFF FFFF FFFF FFFF FFFF FFFF FFFF FFFF --> 8040 
d 1F68  FFFF FFFF FFFF FFFF FFFF FFFF FFFF FFFF --> 8048 
d 1F70  FFFF FFFF FFFF FFFF FFFF FFFF FFFF FFFF --> 8056 
d 1F78  FFFF FFFF FFFF FFFF FFFF FFFF FFFF FFFF --> 8064 
d 1F80  FFFF FFFF FFFF FFFF FFFF FFFF FFFF FFFF --> 8072 
d 1F88  FFFF FFFF FFFF FFFF FFFF FFFF FFFF FFFF --> 8080 
d 1F90  FFFF FFFF FFFF FFFF FFFF FFFF FFFF FFFF --> 8088 
d 1F98  FFFF FFFF FFFF FFFF FFFF FFFF FFFF FFFF --> 8096 
d 1FA0  FFFF FFFF FFFF FFFF FFFF FFFF FFFF FFFF --> 8104 
d 1FA8  FFFF FFFF FFFF FFFF FFFF FFFF FFFF FFFF --> 8112 
d 1FB0  FFFF FFFF FFFF FFFF FFFF FFFF FFFF FFFF --> 8120 
d 1FB8  FFFF FFFF FFFF FFFF FFFF FFFF FFFF FFFF --> 8128 
d 1FC0  FFFF FFFF FFFF FFFF FFFF FFFF FFFF FFFF --> 8136 
d 1FC8  FFFF FFFF FFFF FFFF FFFF FFFF FFFF FFFF --> 8144 
d 1FD0  FFFF FFFF FFFF FFFF FFFF FFFF FFFF FFFF --> 8152 
d 1FD8  FFFF FFFF FFFF FFFF FFFF FFFF FFFF FFFF --> 8160 
d 1FE0  FFFF FFFF FFFF FFFF FFFF FFFF FFFF FFFF --> 8168 
d 1FE8  FFFF FFFF FFFF FFFF FFFF FFFF FFFF FFFF --> 8176 
d 1FF0  FFFF FFFF FFFF FFFF FFFF FFFF FFFF FFFF --> 8184 
d 1FF8  FFFF FFFF FFFF FFFF FFFF FFFF FFFF FFFF --> 8192 
d 2000  FFFF FFFF FFFF FFFF FFFF FFFF FFFF FFFF --> 8200 
d 2008  FFFF FFFF FFFF FFFF FFFF FFFF FFFF FFFF --> 8208 
d 2010  FFFF FFFF FFFF FFFF FFFF FFFF FFFF FFFF --> 8216 
d 2018  FFFF FFFF FFFF FFFF FFFF FFFF FFFF FFFF --> 8224 
d 2020  FFFF FFFF FFFF FFFF FFFF FFFF FFFF FFFF --> 8232 
d 2028  FFFF FFFF FFFF FFFF FFFF FFFF FFFF FFFF --> 8240 
d 2030  FFFF FFFF FFFF FFFF FFFF FFFF FFFF FFFF --> 8248 
d 2038  FFFF FFFF FFFF FFFF FFFF FFFF FFFF FFFF --> 8256 
d 2040  FFFF FFFF FFFF FFFF FFFF FFFF FFFF FFFF --> 8264 
h# --> 8264 256 
+ --> 8520 
h# --> 8520 80 
- --> 8440 
d 20F8  FFFF FFFF FFFF FFFF FFFF FFFF FFFF FFFF --> 8448 
d 2100  FFFF FFFF FFFF FFFF FFFF FFFF FFFF FFFF --> 8456 
d 2108  FFFF FFFF FFFF FFFF FFFF FFFF FFFF FFFF --> 8464 
d 2110  FFFF FFFF FFFF FFFF FFFF FFFF FFFF FFFF --> 8472 
d 2118  FFFF FFFF FFFF FFFF FFFF FFFF FFFF FFFF --> 8480 
d 2120  FFFF FFFF FFFF FFFF FFFF FFFF FFFF FFFF --> 8488 
d 2128  FFFF FFFF FFFF FFFF FFFF FFFF FFFF FFFF --> 8496 
d 2130  FFFF FFFF FFFF FFFF FFFF FFFF FFFF FFFF --> 8504 
d 2138  FFFF FFFF FFFF FFFF FFFF FFFF FFFF FFFF --> 8512 
d 2140  FFFF FFFF FFFF FFFF FFFF FFFF FFFF FFFF --> 8520 
h# --> 8520 64 
- --> 8456 
dup --> 8456 8456 
d 2108  FFFF FFFF FFFF FFFF FFFF FFFF FFFF FFFF --> 8456 8464 
d 2110  FFFF FFFF FFFF FFFF FFFF FFFF FFFF FFFF --> 8456 8472 
drop --> 8456 
h# --> 8456 16 
- --> 8440 
dup --> 8440 8440 
dup --> 8440 8440 8440 
d 20F8  FFFF FFFF FFFF FFFF FFFF FFFF FFFF FFFF --> 8440 8440 8448 
d 2100  FFFF FFFF FFFF FFFF FFFF FFFF FFFF FFFF --> 8440 8440 8456 
h# --> 8440 8440 8456 256 
+ --> 8440 8440 8712 
h# --> 8440 8440 8712 16 
- --> 8440 8440 8696 
dup --> 8440 8440 8696 8696 
d 21F8  FFFF FFFF FFFF FFFF FFFF FFFF FFFF FFFF --> 8440 8440 8696 8704 
d 2200  FFFF FFFF FFFF FFFF FFFF FFFF FFFF FFFF --> 8440 8440 8696 8712 
d 2208  FFFF FFFF FFFF FFFF FFFF FFFF FFFF FFFF --> 8440 8440 8696 8720 
d 2210  FFFF FFFF FFFF FFFF FFFF FFFF FFFF FFFF --> 8440 8440 8696 8728 
d 2218  FFFF FFFF FFFF FFFF FFFF FFFF FFFF FFFF --> 8440 8440 8696 8736 
d 2220  FFFF FFFF FFFF FFFF FFFF FFFF FFFF FFFF --> 8440 8440 8696 8744 
h# --> 8440 8440 8696 8744 1024 
+ --> 8440 8440 8696 9768 
dup --> 8440 8440 8696 9768 9768 
d 2628  FFFF FFFF FFFF FFFF FFFF FFFF FFFF FFFF --> 8440 8440 8696 9768 9776 
d 2630  FFFF FFFF FFFF FFFF FFFF FFFF FFFF FFFF --> 8440 8440 8696 9768 9784 
d 2638  FFFF FFFF FFFF FFFF FFFF FFFF FFFF FFFF --> 8440 8440 8696 9768 9792 
d 2640  FFFF FFFF FFFF FFFF FFFF FFFF FFFF FFFF --> 8440 8440 8696 9768 9800 
h# --> 8440 8440 8696 9768 9800 4096 
+ --> 8440 8440 8696 9768 13896 
d 3648  FFFF FFFF FFFF FFFF FFFF FFFF FFFF FFFF --> 8440 8440 8696 9768 13904 
d 3650  FFFF FFFF FFFF FFFF FFFF FFFF FFFF FFFF --> 8440 8440 8696 9768 13912 
d 3658  FFFF FFFF FFFF FFFF FFFF FFFF FFFF FFFF --> 8440 8440 8696 9768 13920 
d 3660  FFFF FFFF FFFF FFFF FFFF FFFF FFFF FFFF --> 8440 8440 8696 9768 13928 
d 3668  FFFF FFFF FFFF FFFF FFFF FFFF FFFF FFFF --> 8440 8440 8696 9768 13936 
. 13936 --> 8440 8440 8696 9768 
. 9768 --> 8440 8440 8696 
. 8696 --> 8440 8440 
. 8440 --> 8440 
. 8440 --> empty 



words 
nxt 03AE 
id 037D 
lit256 0375 
lit7f 036D 
lit16 0365 
lit3 0361 
lit2 035D 
lit1 0359 
lit0 0351 
jlit 034B 
dlit 0347 
wiggle 0340 
said 0331 
togpin 032C 
kurtz 0316 
test 02DD 
interpret 02C7 
.s 0281 
= 026E 
0= 0265 
? 0261 
' 025D 
h# 0245 
find 0225 
match 0209 
query 01E2 
echo 01DE 
tib! 01D2 
words 01C4 
dictionary 01BE 
r 0199 
d 018A 
hc. 0178 
hw. 0164 
h. 014C 
max 013F 
BL 013A 
true 0135 
false 0130 
. 012B 
0< 011E 
d. 0112 
dabs 010D 
u. 0107 
ud. 0100 
#s 00F4 
# 00DB 
hex 00D4 
decimal 00CD 
base 00CB 
#> 00C2 
<# 00BD 
sign 00B4 
hold 00AB 
holder 00A9 
*/ 00A5 
*/mod 009F 
ud/mod 0092 
mod 008A 
/ 0081 
* 007D 
type 0074 
space 006E 
count 0068 
rot 0062 
pad 0060 
tib 005E 
ptype 0054 
1- 004E 
1+ 0048 
blink 0046 
Keyboard.releaseAll 0045 
Keyboard.release 0044 
Keyboard.press 0043 
Keyboard.begin 0042 
rshift 0041 
lshift 0040 
@GPIO 003F 
initGPIO 003E 
@MCP23017 003D 
initMCP23017 003C 
nip 003B 
dnegate 0039 
w! 0038 
w@ 0037 
um/mod 0036 
um* 0035 
w@+ 0034 
c@+ 0033 
huh? 0032 
execute 0031 
depth 0030 
!+ 002F 
c!+ 002E 
! 002D 
c! 002C 
@p 002B 
w!+ 002A 
p! 0029 
p 0028 
a! 0027 
a 0026 
@p+ 0025 
@+ 0024 
@ 0023 
c@ 0022 
2/ 0021 
2* 0020 
abs 001F 
negate 001E 
invert 001D 
xor 001C 
or 001B 
and 001A 
cr 0019 
ms 0018 
- 0017 
+ 0016 
over 0015 
swap 0014 
drop 0013 
dup 0012 
timer 0011 
counter 0010 
d# 000F 
.sh 000E 
r@ 000D 
r> 000C 
>r 000B 
key 0005 
emit 0004 
quit 0003 
abort 0002 
exit 0001 
--> empty 




Terminating...
Skipping tty reset...
Thanks for using picocom
 script $ exit
exit

Script done on 2021-12-31 11:35:32 UTC
